<?xml version="1.0" encoding="UTF-8"?>
<!-- Generated by org.testng.reporters.JUnitReportReporter -->
<testsuite hostname="II31-7DHY4Q2" failures="0" tests="2" name="testng.TestNGAnnotations" time="0.009" errors="0" timestamp="2020-06-14T14:58:45 IST" skipped="0">
  <testcase classname="testng.TestNGAnnotations" name="testCase2" time="0.002"/>
  <testcase classname="testng.TestNGAnnotations" name="testCase1" time="0.007"/>
</testsuite> <!-- testng.TestNGAnnotations -->
