<?xml version="1.0" encoding="UTF-8"?>
<!-- Generated by org.testng.reporters.JUnitReportReporter -->
<testsuite hostname="II31-7DHY4Q2" failures="0" tests="1" name="testng.RunTestOnChrome" time="29.238" errors="0" timestamp="2020-06-14T14:46:13 IST" skipped="0">
  <testcase classname="testng.RunTestOnChrome" name="test" time="29.238"/>
</testsuite> <!-- testng.RunTestOnChrome -->
