<?xml version="1.0" encoding="UTF-8"?>
<!-- Generated by org.testng.reporters.JUnitReportReporter -->
<testsuite hostname="II31-7DHY4Q2" failures="0" tests="1" name="testng.Interview" time="19.267" errors="0" timestamp="2019-11-09T14:19:27 IST" skipped="0">
  <testcase classname="testng.Interview" name="test" time="19.267"/>
</testsuite> <!-- testng.Interview -->
