<?xml version="1.0" encoding="UTF-8"?>
<!-- Generated by org.testng.reporters.JUnitReportReporter -->
<testsuite hostname="II31-7DHY4Q2" failures="0" tests="3" name="testng.PriorityTest" time="0.020" errors="0" timestamp="2020-10-01T08:37:04 IST" skipped="0">
  <testcase classname="testng.PriorityTest" name="registerAccount" time="0.010"/>
  <testcase classname="testng.PriorityTest" name="login" time="0.006"/>
  <testcase classname="testng.PriorityTest" name="sendEmail" time="0.004"/>
</testsuite> <!-- testng.PriorityTest -->
