<?xml version="1.0" encoding="UTF-8"?>
<!-- Generated by org.testng.reporters.JUnitReportReporter -->
<testsuite hostname="II31-7DHY4Q2" failures="0" tests="1" name="pomframework.VerifyLoginPage" time="142.840" errors="0" timestamp="2020-06-19T12:50:06 IST" skipped="0">
  <testcase classname="pomframework.VerifyLoginPage" name="verifyLogin" time="142.840"/>
</testsuite> <!-- pomframework.VerifyLoginPage -->
