<?xml version="1.0" encoding="UTF-8"?>
<!-- Generated by org.testng.reporters.JUnitReportReporter -->
<testsuite hostname="II31-7DHY4Q2" failures="0" tests="1" name="testng.Parameterized_DataDriven_GCC" time="271.860" errors="0" timestamp="2020-08-21T14:37:38 IST" skipped="0">
  <testcase classname="testng.Parameterized_DataDriven_GCC" name="test" time="271.860"/>
</testsuite> <!-- testng.Parameterized_DataDriven_GCC -->
