<?xml version="1.0" encoding="UTF-8"?>
<!-- Generated by org.testng.reporters.JUnitReportReporter -->
<testsuite hostname="II31-7DHY4Q2" failures="0" tests="1" name="assignment.Scenario4" time="15.836" errors="0" timestamp="2020-09-30T08:41:15 IST" skipped="0">
  <testcase classname="assignment.Scenario4" name="test" time="15.836"/>
</testsuite> <!-- assignment.Scenario4 -->
