<?xml version="1.0" encoding="UTF-8"?>
<!-- Generated by org.testng.reporters.JUnitReportReporter -->
<testsuite hostname="II31-7DHY4Q2" failures="0" tests="2" name="testng.TestNGAnnotations" time="0.007" errors="0" timestamp="2020-08-20T21:10:35 IST" skipped="0">
  <testcase classname="testng.TestNGAnnotations" name="testCase2" time="0.001"/>
  <testcase classname="testng.TestNGAnnotations" name="testCase1" time="0.006"/>
</testsuite> <!-- testng.TestNGAnnotations -->
