<?xml version="1.0" encoding="UTF-8"?>
<!-- Generated by org.testng.reporters.JUnitReportReporter -->
<testsuite hostname="II31-7DHY4Q2" failures="0" tests="1" name="testng.Parameterized_DataDriven_GCC_2" time="1603.036" errors="0" timestamp="2020-10-12T00:33:29 IST" skipped="0">
  <testcase classname="testng.Parameterized_DataDriven_GCC_2" name="test" time="1603.036"/>
</testsuite> <!-- testng.Parameterized_DataDriven_GCC_2 -->
