<?xml version="1.0" encoding="UTF-8"?>
<!-- Generated by org.testng.reporters.JUnitReportReporter -->
<testsuite hostname="II31-7DHY4Q2" failures="0" tests="1" name="pomframework.VerifyLoginPage" time="36.898" errors="0" timestamp="2020-06-28T15:23:16 IST" skipped="0">
  <testcase classname="pomframework.VerifyLoginPage" name="verifyLogin" time="36.898"/>
</testsuite> <!-- pomframework.VerifyLoginPage -->
