<?xml version="1.0" encoding="UTF-8"?>
<!-- Generated by org.testng.reporters.JUnitReportReporter -->
<testsuite hostname="II31-7DHY4Q2" failures="0" tests="1" name="testng.Disable_Javascript_GCC" time="195.779" errors="0" timestamp="2020-09-28T18:43:06 IST" skipped="0">
  <testcase classname="testng.Disable_Javascript_GCC" name="test" time="195.779"/>
</testsuite> <!-- testng.Disable_Javascript_GCC -->
