<?xml version="1.0" encoding="UTF-8"?>
<!-- Generated by org.testng.reporters.JUnitReportReporter -->
<testsuite hostname="II31-7DHY4Q2" failures="0" tests="1" name="assignment.Scenario4" time="36.588" errors="0" timestamp="2020-06-14T23:52:11 IST" skipped="0">
  <testcase classname="assignment.Scenario4" name="test" time="36.588"/>
</testsuite> <!-- assignment.Scenario4 -->
