<?xml version="1.0" encoding="UTF-8"?>
<!-- Generated by org.testng.reporters.JUnitReportReporter -->
<testsuite hostname="II31-7DHY4Q2" failures="0" tests="1" name="testng.DataDriven_POI" time="40.974" errors="0" timestamp="2020-10-08T08:32:07 IST" skipped="0">
  <testcase classname="testng.DataDriven_POI" name="test" time="40.974"/>
</testsuite> <!-- testng.DataDriven_POI -->
