<?xml version="1.0" encoding="UTF-8"?>
<!-- Generated by org.testng.reporters.JUnitReportReporter -->
<testsuite hostname="II31-7DHY4Q2" failures="0" tests="1" name="framework.VerifyLoginPage" time="14.531" errors="0" timestamp="2019-11-19T09:02:55 IST" skipped="0">
  <testcase classname="framework.VerifyLoginPage" name="verifyLogin" time="14.531"/>
</testsuite> <!-- framework.VerifyLoginPage -->
