<?xml version="1.0" encoding="UTF-8"?>
<!-- Generated by org.testng.reporters.JUnitReportReporter -->
<testsuite hostname="II31-7DHY4Q2" failures="0" tests="1" name="testng.Parameterized_DataDriven_POI" time="44.676" errors="0" timestamp="2020-08-21T12:15:47 IST" skipped="0">
  <testcase classname="testng.Parameterized_DataDriven_POI" name="test" time="44.676"/>
</testsuite> <!-- testng.Parameterized_DataDriven_POI -->
