<?xml version="1.0" encoding="UTF-8"?>
<!-- Generated by org.testng.reporters.JUnitReportReporter -->
<testsuite hostname="II31-7DHY4Q2" failures="0" tests="3" name="testng.PriorityTest" time="0.011" errors="0" timestamp="2020-08-20T21:10:21 IST" skipped="0">
  <testcase classname="testng.PriorityTest" name="registerAccount" time="0.009"/>
  <testcase classname="testng.PriorityTest" name="login" time="0.001"/>
  <testcase classname="testng.PriorityTest" name="sendEmail" time="0.001"/>
</testsuite> <!-- testng.PriorityTest -->
