<?xml version="1.0" encoding="UTF-8"?>
<!-- Generated by org.testng.reporters.JUnitReportReporter -->
<testsuite hostname="II31-7DHY4Q2" failures="0" tests="1" name="testng.RunTestOnChrome" time="33.610" errors="0" timestamp="2020-10-01T08:31:00 IST" skipped="0">
  <testcase classname="testng.RunTestOnChrome" name="test" time="33.610"/>
</testsuite> <!-- testng.RunTestOnChrome -->
