<?xml version="1.0" encoding="UTF-8"?>
<!-- Generated by org.testng.reporters.JUnitReportReporter -->
<testsuite hostname="II31-7DHY4Q2" failures="0" tests="1" name="testng.ScreenshotForFailedTest" time="9.602" errors="0" timestamp="2020-06-19T13:03:14 IST" skipped="0">
  <testcase classname="testng.ScreenshotForFailedTest" name="captureScreenshot" time="9.602"/>
</testsuite> <!-- testng.ScreenshotForFailedTest -->
